<?xml version="1.0" encoding="UTF-8"?>
<!-- Generated by org.testng.reporters.JUnitReportReporter -->
<testsuite hostname="Mohammeds-MacBook-Pro.local" failures="0" tests="1" name="test.LoginTest" time="10.872" errors="0" timestamp="2022-10-18T23:37:14 EDT" skipped="0">
  <testcase classname="test.LoginTest" name="validUserShouldBeAbleToLogin" time="10.872"/>
  <system-out/>
</testsuite> <!-- test.LoginTest -->
