<?xml version="1.0" encoding="UTF-8"?>
<!-- Generated by org.testng.reporters.JUnitReportReporter -->
<testsuite hostname="DESKTOP-8HFCTS8" failures="0" tests="1" name="test.LoginTest" time="7.090" errors="0" timestamp="2023-03-05T12:20:42 EST" skipped="0">
  <testcase classname="test.LoginTest" name="validUserShouldBeAbleToLogin" time="7.090"/>
  <system-out/>
</testsuite> <!-- test.LoginTest -->
